::1 - - [31/Oct/2022:11:39:30 +0000] "GET / HTTP/1.1" 200 12 "-" "Mozilla/5.0 (Windows NT 10.0; Win64; x64) AppleWebKit/537.36 (KHTML, like Gecko) Chrome/106.0.0.0 Safari/537.36"
::1 - - [31/Oct/2022:11:39:30 +0000] "GET /favicon.ico HTTP/1.1" 404 24 "-" "Mozilla/5.0 (Windows NT 10.0; Win64; x64) AppleWebKit/537.36 (KHTML, like Gecko) Chrome/106.0.0.0 Safari/537.36"
::1 - - [03/Nov/2022:05:54:10 +0000] "POST /register HTTP/1.1" 404 24 "-" "PostmanRuntime/7.29.2"
::1 - - [03/Nov/2022:06:11:26 +0000] "POST /api/user/register HTTP/1.1" 504 28 "-" "PostmanRuntime/7.29.2"
::1 - - [03/Nov/2022:06:12:05 +0000] "POST /api/user/register HTTP/1.1" 504 33 "-" "PostmanRuntime/7.29.2"
::1 - - [03/Nov/2022:06:12:32 +0000] "POST /api/user/register HTTP/1.1" 504 63 "-" "PostmanRuntime/7.29.2"
::1 - - [03/Nov/2022:06:13:34 +0000] "POST /api/user/register HTTP/1.1" 504 33 "-" "PostmanRuntime/7.29.2"
::1 - - [03/Nov/2022:06:16:54 +0000] "POST /api/user/register HTTP/1.1" 504 33 "-" "PostmanRuntime/7.29.2"
::1 - - [03/Nov/2022:06:17:18 +0000] "POST /api/user/register HTTP/1.1" 504 63 "-" "PostmanRuntime/7.29.2"
::1 - - [03/Nov/2022:06:20:52 +0000] "POST /api/user/register HTTP/1.1" 504 38 "-" "PostmanRuntime/7.29.2"
::1 - - [03/Nov/2022:06:22:21 +0000] "POST /api/user/register HTTP/1.1" 504 38 "-" "PostmanRuntime/7.29.2"
::1 - - [03/Nov/2022:06:23:52 +0000] "POST /api/user/register HTTP/1.1" 201 739 "-" "PostmanRuntime/7.29.2"
::1 - - [03/Nov/2022:06:38:49 +0000] "POST /api/user/register HTTP/1.1" 504 55 "-" "PostmanRuntime/7.29.2"
::1 - - [09/Nov/2022:04:50:17 +0000] "POST /api/users/login HTTP/1.1" 404 24 "-" "PostmanRuntime/7.29.2"
::1 - - [09/Nov/2022:04:54:02 +0000] "POST /api/user/login HTTP/1.1" 400 27 "-" "PostmanRuntime/7.29.2"
::1 - - [09/Nov/2022:04:56:26 +0000] "POST /api/user/register HTTP/1.1" 504 33 "-" "PostmanRuntime/7.29.2"
::1 - - [09/Nov/2022:04:56:36 +0000] "POST /api/user/register HTTP/1.1" 201 739 "-" "PostmanRuntime/7.29.2"
::1 - - [09/Nov/2022:04:59:15 +0000] "POST /api/user/login HTTP/1.1" 400 24 "-" "PostmanRuntime/7.29.2"
::1 - - [09/Nov/2022:05:02:14 +0000] "POST /api/user/login HTTP/1.1" - - "-" "PostmanRuntime/7.29.2"
::1 - - [09/Nov/2022:05:02:31 +0000] "POST /api/user/login HTTP/1.1" - - "-" "PostmanRuntime/7.29.2"
::1 - - [09/Nov/2022:05:04:44 +0000] "POST /api/user/login HTTP/1.1" 400 20 "-" "PostmanRuntime/7.29.2"
::1 - - [09/Nov/2022:05:08:04 +0000] "POST /api/user/login HTTP/1.1" 504 28 "-" "PostmanRuntime/7.29.2"
::1 - - [09/Nov/2022:05:08:15 +0000] "POST /api/user/login HTTP/1.1" 504 32 "-" "PostmanRuntime/7.29.2"
::1 - - [09/Nov/2022:05:09:27 +0000] "POST /api/user/login HTTP/1.1" 504 54 "-" "PostmanRuntime/7.29.2"
::1 - - [09/Nov/2022:05:09:53 +0000] "POST /api/user/login HTTP/1.1" 504 53 "-" "PostmanRuntime/7.29.2"
::1 - - [09/Nov/2022:05:10:40 +0000] "POST /api/user/login HTTP/1.1" 504 52 "-" "PostmanRuntime/7.29.2"
::1 - - [09/Nov/2022:05:11:02 +0000] "POST /api/user/login HTTP/1.1" 201 706 "-" "PostmanRuntime/7.29.2"
